1536358560977	geckodriver	INFO	geckodriver 0.20.0
1536358561035	geckodriver	INFO	Listening on 127.0.0.1:3560
1536358564096	mozrunner::runner	INFO	Running command: "C:\\Program Files\\Mozilla Firefox\\firefox.exe" "-marionette" "-profile" "C:\\Users\\Roman\\AppData\\Local\\Temp\\rust_mozprofile.gaif1Wh7xuik"
1536358564935	addons.manager	DEBUG	Application has been upgraded
1536358565000	addons.manager	DEBUG	Loaded provider scope for resource://gre/modules/addons/XPIProvider.jsm: ["XPIProvider", "XPIInternal"]
1536358565013	addons.manager	DEBUG	Loaded provider scope for resource://gre/modules/LightweightThemeManager.jsm: ["LightweightThemeManager"]
1536358565080	addons.manager	DEBUG	Loaded provider scope for resource://gre/modules/addons/GMPProvider.jsm
1536358565087	addons.manager	DEBUG	Loaded provider scope for resource://gre/modules/addons/PluginProvider.jsm
1536358565088	addons.manager	DEBUG	Starting provider: XPIProvider
1536358565089	addons.xpi	DEBUG	startup
1536358565090	addons.xpi	INFO	SystemAddonInstallLocation directory is missing
1536358565128	addons.xpi	INFO	Removing all system add-on upgrades.
1536358565130	addons.xpi	DEBUG	checkForChanges
1536358565131	addons.xpi	DEBUG	Loaded add-on state: ${}
1536358565137	addons.xpi	DEBUG	New add-on activity-stream@mozilla.org in app-system-defaults
1536358565141	addons.xpi	DEBUG	New add-on aushelper@mozilla.org in app-system-defaults
1536358565144	addons.xpi	DEBUG	New add-on firefox@getpocket.com in app-system-defaults
1536358565147	addons.xpi	DEBUG	New add-on formautofill@mozilla.org in app-system-defaults
1536358565149	addons.xpi	DEBUG	New add-on onboarding@mozilla.org in app-system-defaults
1536358565151	addons.xpi	DEBUG	New add-on screenshots@mozilla.org in app-system-defaults
1536358565159	addons.xpi	DEBUG	New add-on webcompat-reporter@mozilla.org in app-system-defaults
1536358565161	addons.xpi	DEBUG	New add-on webcompat@mozilla.org in app-system-defaults
1536358565164	addons.xpi	DEBUG	getInstallState changed: true, state: {}
1536358565188	addons.xpi-utils	DEBUG	Opening XPI database C:\Users\Roman\AppData\Local\Temp\rust_mozprofile.gaif1Wh7xuik\extensions.json
1536358565191	addons.xpi-utils	DEBUG	New add-on activity-stream@mozilla.org installed in app-system-defaults
*** Blocklist::_preloadBlocklistFile: blocklist is disabled
1536358565257	addons.xpi-utils	DEBUG	New add-on aushelper@mozilla.org installed in app-system-defaults
1536358565269	addons.xpi-utils	DEBUG	New add-on firefox@getpocket.com installed in app-system-defaults
1536358565280	addons.xpi-utils	DEBUG	New add-on formautofill@mozilla.org installed in app-system-defaults
1536358565298	addons.xpi-utils	DEBUG	New add-on onboarding@mozilla.org installed in app-system-defaults
1536358565308	addons.xpi-utils	DEBUG	New add-on screenshots@mozilla.org installed in app-system-defaults
1536358565311	addons.xpi-utils	DEBUG	XPI Database saved, setting schema version preference to 26
1536358565330	addons.xpi-utils	DEBUG	New add-on webcompat-reporter@mozilla.org installed in app-system-defaults
1536358565345	addons.xpi-utils	DEBUG	New add-on webcompat@mozilla.org installed in app-system-defaults
1536358565748	addons.manager	DEBUG	Registering startup change 'installed' for activity-stream@mozilla.org
1536358565760	addons.xpi	DEBUG	Loading bootstrap scope from C:\Program Files\Mozilla Firefox\browser\features\activity-stream@mozilla.org.xpi
1536358565766	addons.xpi	DEBUG	Calling bootstrap method install on activity-stream@mozilla.org version 2018.06.29.1026-fa231556
1536358565766	addons.xpi-utils	DEBUG	Make addon app-system-defaults:activity-stream@mozilla.org visible
1536358565767	addons.xpi	DEBUG	Updating XPIState for {"id":"activity-stream@mozilla.org","syncGUID":"{6face723-371e-457f-af4b-aa62d8555252}","location":"app-system-defaults","version":"2018.06.29.1026-fa231556","type":"extension","updateURL":null,"optionsURL":null,"optionsType":null,"aboutURL":null,"defaultLocale":{"name":"Activity Stream","description":"A rich visual history feed and a reimagined home page make it easier than ever to find exactly what you're looking for in Firefox.","creator":null,"homepageURL":null},"visible":true,"active":false,"userDisabled":false,"appDisabled":false,"installDate":1536355247896,"updateDate":1536355247896,"applyBackgroundUpdates":1,"bootstrap":true,"path":"C:\\Program Files\\Mozilla Firefox\\browser\\features\\activity-stream@mozilla.org.xpi","skinnable":false,"size":2732420,"sourceURI":null,"releaseNotesURI":null,"softDisabled":false,"foreignInstall":false,"strictCompatibility":false,"locales":[],"targetApplications":[{"id":"{ec8030f7-c20a-464f-9b0e-13a3a9e97384}","minVersion":"61.0.2","maxVersion":"61.*"}],"targetPlatforms":[],"seen":true,"dependencies":[],"hasEmbeddedWebExtension":false,"userPermissions":null,"icons":{},"iconURL":null,"icon64URL":null,"blocklistState":0,"blocklistURL":null,"startupData":null}
1536358565769	addons.manager	DEBUG	Registering startup change 'installed' for aushelper@mozilla.org
1536358565770	addons.xpi	DEBUG	Loading bootstrap scope from C:\Program Files\Mozilla Firefox\browser\features\aushelper@mozilla.org.xpi
1536358565776	addons.xpi	DEBUG	Calling bootstrap method install on aushelper@mozilla.org version 2.0
1536358565776	addons.xpi-utils	DEBUG	Make addon app-system-defaults:aushelper@mozilla.org visible
1536358565776	addons.xpi	DEBUG	Updating XPIState for {"id":"aushelper@mozilla.org","syncGUID":"{be2cd1c2-53b4-4007-b2ef-bac8886e42cc}","location":"app-system-defaults","version":"2.0","type":"extension","updateURL":null,"optionsURL":null,"optionsType":null,"aboutURL":null,"defaultLocale":{"name":"Application Update Service Helper","description":"Sets value(s) in the update url based on custom checks.","creator":null,"homepageURL":null},"visible":true,"active":false,"userDisabled":false,"appDisabled":false,"installDate":1536355246319,"updateDate":1536355246319,"applyBackgroundUpdates":1,"bootstrap":true,"path":"C:\\Program Files\\Mozilla Firefox\\browser\\features\\aushelper@mozilla.org.xpi","skinnable":false,"size":8425,"sourceURI":null,"releaseNotesURI":null,"softDisabled":false,"foreignInstall":false,"strictCompatibility":false,"locales":[],"targetApplications":[{"id":"{ec8030f7-c20a-464f-9b0e-13a3a9e97384}","minVersion":"61.0.2","maxVersion":"61.*"}],"targetPlatforms":[],"seen":true,"dependencies":[],"hasEmbeddedWebExtension":false,"userPermissions":null,"icons":{},"iconURL":null,"icon64URL":null,"blocklistState":0,"blocklistURL":null,"startupData":null}
1536358565777	addons.manager	DEBUG	Registering startup change 'installed' for firefox@getpocket.com
1536358565778	addons.xpi	DEBUG	Loading bootstrap scope from C:\Program Files\Mozilla Firefox\browser\features\firefox@getpocket.com.xpi
1536358565787	addons.xpi	DEBUG	Calling bootstrap method install on firefox@getpocket.com version 1.0.5
1536358565787	addons.xpi-utils	DEBUG	Make addon app-system-defaults:firefox@getpocket.com visible
1536358565788	addons.xpi	DEBUG	Updating XPIState for {"id":"firefox@getpocket.com","syncGUID":"{3e6f176c-2ce5-4503-a925-4538cdaf7ad7}","location":"app-system-defaults","version":"1.0.5","type":"extension","updateURL":null,"optionsURL":null,"optionsType":null,"aboutURL":null,"defaultLocale":{"name":"Pocket","description":"When you find something you want to view later, put it in Pocket.","creator":null,"homepageURL":null},"visible":true,"active":false,"userDisabled":false,"appDisabled":false,"installDate":1536355246288,"updateDate":1536355246288,"applyBackgroundUpdates":1,"bootstrap":true,"path":"C:\\Program Files\\Mozilla Firefox\\browser\\features\\firefox@getpocket.com.xpi","skinnable":false,"size":855820,"sourceURI":null,"releaseNotesURI":null,"softDisabled":false,"foreignInstall":false,"strictCompatibility":false,"locales":[],"targetApplications":[{"id":"{ec8030f7-c20a-464f-9b0e-13a3a9e97384}","minVersion":"61.0.2","maxVersion":"61.*"}],"targetPlatforms":[],"seen":true,"dependencies":[],"hasEmbeddedWebExtension":false,"userPermissions":null,"icons":{},"iconURL":null,"icon64URL":null,"blocklistState":0,"blocklistURL":null,"startupData":null}
1536358565789	addons.manager	DEBUG	Registering startup change 'installed' for formautofill@mozilla.org
1536358565790	addons.xpi	DEBUG	Loading bootstrap scope from C:\Program Files\Mozilla Firefox\browser\features\formautofill@mozilla.org.xpi
1536358565795	addons.xpi	DEBUG	Calling bootstrap method install on formautofill@mozilla.org version 1.0
1536358565795	addons.xpi-utils	DEBUG	Make addon app-system-defaults:formautofill@mozilla.org visible
1536358565795	addons.xpi	DEBUG	Updating XPIState for {"id":"formautofill@mozilla.org","syncGUID":"{8fa0b771-465c-47c3-bab7-65df11b4ba97}","location":"app-system-defaults","version":"1.0","type":"extension","updateURL":null,"optionsURL":null,"optionsType":null,"aboutURL":null,"defaultLocale":{"name":"Form Autofill","description":"Autofill forms with saved profiles","creator":null,"homepageURL":null},"visible":true,"active":false,"userDisabled":false,"appDisabled":false,"installDate":1536355246100,"updateDate":1536355246100,"applyBackgroundUpdates":1,"bootstrap":true,"path":"C:\\Program Files\\Mozilla Firefox\\browser\\features\\formautofill@mozilla.org.xpi","skinnable":false,"size":465058,"sourceURI":null,"releaseNotesURI":null,"softDisabled":false,"foreignInstall":false,"strictCompatibility":false,"locales":[],"targetApplications":[{"id":"{ec8030f7-c20a-464f-9b0e-13a3a9e97384}","minVersion":"61.0.2","maxVersion":"61.*"}],"targetPlatforms":[],"seen":true,"dependencies":[],"hasEmbeddedWebExtension":false,"userPermissions":null,"icons":{},"iconURL":null,"icon64URL":null,"blocklistState":0,"blocklistURL":null,"startupData":null}
1536358565796	addons.manager	DEBUG	Registering startup change 'installed' for onboarding@mozilla.org
1536358565796	addons.xpi	DEBUG	Loading bootstrap scope from C:\Program Files\Mozilla Firefox\browser\features\onboarding@mozilla.org.xpi
1536358565801	addons.xpi	DEBUG	Calling bootstrap method install on onboarding@mozilla.org version 1.0
1536358565801	addons.xpi-utils	DEBUG	Make addon app-system-defaults:onboarding@mozilla.org visible
1536358565802	addons.xpi	DEBUG	Updating XPIState for {"id":"onboarding@mozilla.org","syncGUID":"{abf7938b-d575-45da-8432-b8827939902c}","location":"app-system-defaults","version":"1.0","type":"extension","updateURL":null,"optionsURL":null,"optionsType":null,"aboutURL":null,"defaultLocale":{"name":"Photon onboarding","description":"Photon onboarding","creator":null,"homepageURL":null},"visible":true,"active":false,"userDisabled":false,"appDisabled":false,"installDate":1536355245928,"updateDate":1536355245928,"applyBackgroundUpdates":1,"bootstrap":true,"path":"C:\\Program Files\\Mozilla Firefox\\browser\\features\\onboarding@mozilla.org.xpi","skinnable":false,"size":564181,"sourceURI":null,"releaseNotesURI":null,"softDisabled":false,"foreignInstall":false,"strictCompatibility":false,"locales":[],"targetApplications":[{"id":"{ec8030f7-c20a-464f-9b0e-13a3a9e97384}","minVersion":"61.0.2","maxVersion":"61.*"}],"targetPlatforms":[],"seen":true,"dependencies":[],"hasEmbeddedWebExtension":false,"userPermissions":null,"icons":{},"iconURL":null,"icon64URL":null,"blocklistState":0,"blocklistURL":null,"startupData":null}
1536358565802	addons.manager	DEBUG	Registering startup change 'installed' for screenshots@mozilla.org
1536358565803	addons.xpi	DEBUG	Loading bootstrap scope from C:\Program Files\Mozilla Firefox\browser\features\screenshots@mozilla.org.xpi
1536358565808	addons.xpi	DEBUG	Calling bootstrap method install on screenshots@mozilla.org version 32.1.0
1536358565808	addons.xpi-utils	DEBUG	Make addon app-system-defaults:screenshots@mozilla.org visible
1536358565809	addons.xpi	DEBUG	Updating XPIState for {"id":"screenshots@mozilla.org","syncGUID":"{944c34ed-0720-4b08-9e4a-5b760d2aa338}","location":"app-system-defaults","version":"32.1.0","type":"extension","updateURL":null,"optionsURL":null,"optionsType":null,"aboutURL":null,"defaultLocale":{"name":"Firefox Screenshots","description":null,"creator":null,"homepageURL":"https://screenshots.firefox.com/"},"visible":true,"active":false,"userDisabled":false,"appDisabled":false,"installDate":1536355245788,"updateDate":1536355245788,"applyBackgroundUpdates":1,"bootstrap":true,"path":"C:\\Program Files\\Mozilla Firefox\\browser\\features\\screenshots@mozilla.org.xpi","skinnable":false,"size":1002421,"sourceURI":null,"releaseNotesURI":null,"softDisabled":false,"foreignInstall":false,"strictCompatibility":false,"locales":[],"targetApplications":[{"id":"{ec8030f7-c20a-464f-9b0e-13a3a9e97384}","minVersion":"57.0a1","maxVersion":"*"}],"targetPlatforms":[],"seen":true,"dependencies":[],"hasEmbeddedWebExtension":false,"userPermissions":null,"icons":{},"iconURL":null,"icon64URL":null,"blocklistState":0,"blocklistURL":null,"startupData":null}
1536358565810	addons.manager	DEBUG	Registering startup change 'installed' for webcompat-reporter@mozilla.org
1536358565810	addons.xpi	DEBUG	Loading bootstrap scope from C:\Program Files\Mozilla Firefox\browser\features\webcompat-reporter@mozilla.org.xpi
1536358565814	addons.xpi	DEBUG	Calling bootstrap method install on webcompat-reporter@mozilla.org version 1.0.0
1536358565815	addons.xpi-utils	DEBUG	Make addon app-system-defaults:webcompat-reporter@mozilla.org visible
1536358565815	addons.xpi	DEBUG	Updating XPIState for {"id":"webcompat-reporter@mozilla.org","syncGUID":"{f60c9ea7-f140-42cc-8a01-e1944b846b7d}","location":"app-system-defaults","version":"1.0.0","type":"extension","updateURL":null,"optionsURL":null,"optionsType":null,"aboutURL":null,"defaultLocale":{"name":"WebCompat Reporter","description":"Report site compatibility issues on webcompat.com.","creator":null,"homepageURL":null},"visible":true,"active":false,"userDisabled":false,"appDisabled":false,"installDate":1536355249591,"updateDate":1536355249591,"applyBackgroundUpdates":1,"bootstrap":true,"path":"C:\\Program Files\\Mozilla Firefox\\browser\\features\\webcompat-reporter@mozilla.org.xpi","skinnable":false,"size":12711,"sourceURI":null,"releaseNotesURI":null,"softDisabled":false,"foreignInstall":false,"strictCompatibility":false,"locales":[],"targetApplications":[{"id":"{ec8030f7-c20a-464f-9b0e-13a3a9e97384}","minVersion":"61.0.2","maxVersion":"61.*"}],"targetPlatforms":[],"seen":true,"dependencies":[],"hasEmbeddedWebExtension":false,"userPermissions":null,"icons":{},"iconURL":null,"icon64URL":null,"blocklistState":0,"blocklistURL":null,"startupData":null}
1536358565815	addons.manager	DEBUG	Registering startup change 'installed' for webcompat@mozilla.org
1536358565816	addons.xpi	DEBUG	Loading bootstrap scope from C:\Program Files\Mozilla Firefox\browser\features\webcompat@mozilla.org.xpi
1536358565820	addons.xpi	DEBUG	Calling bootstrap method install on webcompat@mozilla.org version 2.0
1536358565820	addons.xpi-utils	DEBUG	Make addon app-system-defaults:webcompat@mozilla.org visible
1536358565820	addons.xpi	DEBUG	Updating XPIState for {"id":"webcompat@mozilla.org","syncGUID":"{1b964a23-ed88-4c5e-a8d3-7756b9f49b7d}","location":"app-system-defaults","version":"2.0","type":"extension","updateURL":null,"optionsURL":null,"optionsType":null,"aboutURL":null,"defaultLocale":{"name":"Web Compat","description":"Urgent post-release fixes for web compatibility.","creator":null,"homepageURL":null},"visible":true,"active":false,"userDisabled":false,"appDisabled":false,"installDate":1536355245711,"updateDate":1536355245711,"applyBackgroundUpdates":1,"bootstrap":true,"path":"C:\\Program Files\\Mozilla Firefox\\browser\\features\\webcompat@mozilla.org.xpi","skinnable":false,"size":13138,"sourceURI":null,"releaseNotesURI":null,"softDisabled":false,"foreignInstall":false,"strictCompatibility":false,"locales":[],"targetApplications":[{"id":"{ec8030f7-c20a-464f-9b0e-13a3a9e97384}","minVersion":"61.0.2","maxVersion":"61.*"},{"id":"{aa3c5121-dab2-40e2-81ca-7ea25febc110}","minVersion":"61.0.2","maxVersion":"61.*"}],"targetPlatforms":[],"seen":true,"dependencies":[],"hasEmbeddedWebExtension":true,"userPermissions":null,"icons":{},"iconURL":null,"icon64URL":null,"blocklistState":0,"blocklistURL":null,"startupData":null}
1536358565821	addons.xpi	DEBUG	Updating XPIState for {"id":"activity-stream@mozilla.org","syncGUID":"{6face723-371e-457f-af4b-aa62d8555252}","location":"app-system-defaults","version":"2018.06.29.1026-fa231556","type":"extension","updateURL":null,"optionsURL":null,"optionsType":null,"aboutURL":null,"defaultLocale":{"name":"Activity Stream","description":"A rich visual history feed and a reimagined home page make it easier than ever to find exactly what you're looking for in Firefox.","creator":null,"homepageURL":null},"visible":true,"active":true,"userDisabled":false,"appDisabled":false,"installDate":1536355247896,"updateDate":1536355247896,"applyBackgroundUpdates":1,"bootstrap":true,"path":"C:\\Program Files\\Mozilla Firefox\\browser\\features\\activity-stream@mozilla.org.xpi","skinnable":false,"size":2732420,"sourceURI":null,"releaseNotesURI":null,"softDisabled":false,"foreignInstall":false,"strictCompatibility":false,"locales":[],"targetApplications":[{"id":"{ec8030f7-c20a-464f-9b0e-13a3a9e97384}","minVersion":"61.0.2","maxVersion":"61.*"}],"targetPlatforms":[],"seen":true,"dependencies":[],"hasEmbeddedWebExtension":false,"userPermissions":null,"icons":{},"iconURL":null,"icon64URL":null,"blocklistState":0,"blocklistURL":null,"startupData":null}
1536358565822	addons.xpi	DEBUG	Updating XPIState for {"id":"aushelper@mozilla.org","syncGUID":"{be2cd1c2-53b4-4007-b2ef-bac8886e42cc}","location":"app-system-defaults","version":"2.0","type":"extension","updateURL":null,"optionsURL":null,"optionsType":null,"aboutURL":null,"defaultLocale":{"name":"Application Update Service Helper","description":"Sets value(s) in the update url based on custom checks.","creator":null,"homepageURL":null},"visible":true,"active":true,"userDisabled":false,"appDisabled":false,"installDate":1536355246319,"updateDate":1536355246319,"applyBackgroundUpdates":1,"bootstrap":true,"path":"C:\\Program Files\\Mozilla Firefox\\browser\\features\\aushelper@mozilla.org.xpi","skinnable":false,"size":8425,"sourceURI":null,"releaseNotesURI":null,"softDisabled":false,"foreignInstall":false,"strictCompatibility":false,"locales":[],"targetApplications":[{"id":"{ec8030f7-c20a-464f-9b0e-13a3a9e97384}","minVersion":"61.0.2","maxVersion":"61.*"}],"targetPlatforms":[],"seen":true,"dependencies":[],"hasEmbeddedWebExtension":false,"userPermissions":null,"icons":{},"iconURL":null,"icon64URL":null,"blocklistState":0,"blocklistURL":null,"startupData":null}
1536358565822	addons.xpi	DEBUG	Updating XPIState for {"id":"firefox@getpocket.com","syncGUID":"{3e6f176c-2ce5-4503-a925-4538cdaf7ad7}","location":"app-system-defaults","version":"1.0.5","type":"extension","updateURL":null,"optionsURL":null,"optionsType":null,"aboutURL":null,"defaultLocale":{"name":"Pocket","description":"When you find something you want to view later, put it in Pocket.","creator":null,"homepageURL":null},"visible":true,"active":true,"userDisabled":false,"appDisabled":false,"installDate":1536355246288,"updateDate":1536355246288,"applyBackgroundUpdates":1,"bootstrap":true,"path":"C:\\Program Files\\Mozilla Firefox\\browser\\features\\firefox@getpocket.com.xpi","skinnable":false,"size":855820,"sourceURI":null,"releaseNotesURI":null,"softDisabled":false,"foreignInstall":false,"strictCompatibility":false,"locales":[],"targetApplications":[{"id":"{ec8030f7-c20a-464f-9b0e-13a3a9e97384}","minVersion":"61.0.2","maxVersion":"61.*"}],"targetPlatforms":[],"seen":true,"dependencies":[],"hasEmbeddedWebExtension":false,"userPermissions":null,"icons":{},"iconURL":null,"icon64URL":null,"blocklistState":0,"blocklistURL":null,"startupData":null}
1536358565822	addons.xpi	DEBUG	Updating XPIState for {"id":"formautofill@mozilla.org","syncGUID":"{8fa0b771-465c-47c3-bab7-65df11b4ba97}","location":"app-system-defaults","version":"1.0","type":"extension","updateURL":null,"optionsURL":null,"optionsType":null,"aboutURL":null,"defaultLocale":{"name":"Form Autofill","description":"Autofill forms with saved profiles","creator":null,"homepageURL":null},"visible":true,"active":true,"userDisabled":false,"appDisabled":false,"installDate":1536355246100,"updateDate":1536355246100,"applyBackgroundUpdates":1,"bootstrap":true,"path":"C:\\Program Files\\Mozilla Firefox\\browser\\features\\formautofill@mozilla.org.xpi","skinnable":false,"size":465058,"sourceURI":null,"releaseNotesURI":null,"softDisabled":false,"foreignInstall":false,"strictCompatibility":false,"locales":[],"targetApplications":[{"id":"{ec8030f7-c20a-464f-9b0e-13a3a9e97384}","minVersion":"61.0.2","maxVersion":"61.*"}],"targetPlatforms":[],"seen":true,"dependencies":[],"hasEmbeddedWebExtension":false,"userPermissions":null,"icons":{},"iconURL":null,"icon64URL":null,"blocklistState":0,"blocklistURL":null,"startupData":null}
1536358565823	addons.xpi	DEBUG	Updating XPIState for {"id":"onboarding@mozilla.org","syncGUID":"{abf7938b-d575-45da-8432-b8827939902c}","location":"app-system-defaults","version":"1.0","type":"extension","updateURL":null,"optionsURL":null,"optionsType":null,"aboutURL":null,"defaultLocale":{"name":"Photon onboarding","description":"Photon onboarding","creator":null,"homepageURL":null},"visible":true,"active":true,"userDisabled":false,"appDisabled":false,"installDate":1536355245928,"updateDate":1536355245928,"applyBackgroundUpdates":1,"bootstrap":true,"path":"C:\\Program Files\\Mozilla Firefox\\browser\\features\\onboarding@mozilla.org.xpi","skinnable":false,"size":564181,"sourceURI":null,"releaseNotesURI":null,"softDisabled":false,"foreignInstall":false,"strictCompatibility":false,"locales":[],"targetApplications":[{"id":"{ec8030f7-c20a-464f-9b0e-13a3a9e97384}","minVersion":"61.0.2","maxVersion":"61.*"}],"targetPlatforms":[],"seen":true,"dependencies":[],"hasEmbeddedWebExtension":false,"userPermissions":null,"icons":{},"iconURL":null,"icon64URL":null,"blocklistState":0,"blocklistURL":null,"startupData":null}
1536358565823	addons.xpi	DEBUG	Updating XPIState for {"id":"screenshots@mozilla.org","syncGUID":"{944c34ed-0720-4b08-9e4a-5b760d2aa338}","location":"app-system-defaults","version":"32.1.0","type":"extension","updateURL":null,"optionsURL":null,"optionsType":null,"aboutURL":null,"defaultLocale":{"name":"Firefox Screenshots","description":null,"creator":null,"homepageURL":"https://screenshots.firefox.com/"},"visible":true,"active":true,"userDisabled":false,"appDisabled":false,"installDate":1536355245788,"updateDate":1536355245788,"applyBackgroundUpdates":1,"bootstrap":true,"path":"C:\\Program Files\\Mozilla Firefox\\browser\\features\\screenshots@mozilla.org.xpi","skinnable":false,"size":1002421,"sourceURI":null,"releaseNotesURI":null,"softDisabled":false,"foreignInstall":false,"strictCompatibility":false,"locales":[],"targetApplications":[{"id":"{ec8030f7-c20a-464f-9b0e-13a3a9e97384}","minVersion":"57.0a1","maxVersion":"*"}],"targetPlatforms":[],"seen":true,"dependencies":[],"hasEmbeddedWebExtension":false,"userPermissions":null,"icons":{},"iconURL":null,"icon64URL":null,"blocklistState":0,"blocklistURL":null,"startupData":null}
1536358565824	addons.xpi	DEBUG	Updating XPIState for {"id":"webcompat-reporter@mozilla.org","syncGUID":"{f60c9ea7-f140-42cc-8a01-e1944b846b7d}","location":"app-system-defaults","version":"1.0.0","type":"extension","updateURL":null,"optionsURL":null,"optionsType":null,"aboutURL":null,"defaultLocale":{"name":"WebCompat Reporter","description":"Report site compatibility issues on webcompat.com.","creator":null,"homepageURL":null},"visible":true,"active":true,"userDisabled":false,"appDisabled":false,"installDate":1536355249591,"updateDate":1536355249591,"applyBackgroundUpdates":1,"bootstrap":true,"path":"C:\\Program Files\\Mozilla Firefox\\browser\\features\\webcompat-reporter@mozilla.org.xpi","skinnable":false,"size":12711,"sourceURI":null,"releaseNotesURI":null,"softDisabled":false,"foreignInstall":false,"strictCompatibility":false,"locales":[],"targetApplications":[{"id":"{ec8030f7-c20a-464f-9b0e-13a3a9e97384}","minVersion":"61.0.2","maxVersion":"61.*"}],"targetPlatforms":[],"seen":true,"dependencies":[],"hasEmbeddedWebExtension":false,"userPermissions":null,"icons":{},"iconURL":null,"icon64URL":null,"blocklistState":0,"blocklistURL":null,"startupData":null}
1536358565824	addons.xpi	DEBUG	Updating XPIState for {"id":"webcompat@mozilla.org","syncGUID":"{1b964a23-ed88-4c5e-a8d3-7756b9f49b7d}","location":"app-system-defaults","version":"2.0","type":"extension","updateURL":null,"optionsURL":null,"optionsType":null,"aboutURL":null,"defaultLocale":{"name":"Web Compat","description":"Urgent post-release fixes for web compatibility.","creator":null,"homepageURL":null},"visible":true,"active":true,"userDisabled":false,"appDisabled":false,"installDate":1536355245711,"updateDate":1536355245711,"applyBackgroundUpdates":1,"bootstrap":true,"path":"C:\\Program Files\\Mozilla Firefox\\browser\\features\\webcompat@mozilla.org.xpi","skinnable":false,"size":13138,"sourceURI":null,"releaseNotesURI":null,"softDisabled":false,"foreignInstall":false,"strictCompatibility":false,"locales":[],"targetApplications":[{"id":"{ec8030f7-c20a-464f-9b0e-13a3a9e97384}","minVersion":"61.0.2","maxVersion":"61.*"},{"id":"{aa3c5121-dab2-40e2-81ca-7ea25febc110}","minVersion":"61.0.2","maxVersion":"61.*"}],"targetPlatforms":[],"seen":true,"dependencies":[],"hasEmbeddedWebExtension":true,"userPermissions":null,"icons":{},"iconURL":null,"icon64URL":null,"blocklistState":0,"blocklistURL":null,"startupData":null}
1536358565824	addons.xpi	DEBUG	Updating database with changes to installed add-ons
1536358565824	addons.xpi-utils	DEBUG	Updating add-on states
1536358565832	addons.xpi	DEBUG	Registering manifest for C:\Program Files\Mozilla Firefox\browser\features\activity-stream@mozilla.org.xpi
1536358565834	addons.xpi	DEBUG	Calling bootstrap method startup on activity-stream@mozilla.org version 2018.06.29.1026-fa231556
1536358565835	addons.xpi	DEBUG	Registering manifest for C:\Program Files\Mozilla Firefox\browser\features\aushelper@mozilla.org.xpi
1536358565837	addons.xpi	DEBUG	Calling bootstrap method startup on aushelper@mozilla.org version 2.0
1536358565839	addons.xpi	DEBUG	Registering manifest for C:\Program Files\Mozilla Firefox\browser\features\firefox@getpocket.com.xpi
1536358565841	addons.xpi	DEBUG	Calling bootstrap method startup on firefox@getpocket.com version 1.0.5
1536358565866	addons.xpi	DEBUG	Registering manifest for C:\Program Files\Mozilla Firefox\browser\features\formautofill@mozilla.org.xpi
1536358565868	addons.xpi	DEBUG	Calling bootstrap method startup on formautofill@mozilla.org version 1.0
1536358565869	addons.xpi	DEBUG	Registering manifest for C:\Program Files\Mozilla Firefox\browser\features\onboarding@mozilla.org.xpi
1536358565871	addons.xpi	DEBUG	Calling bootstrap method startup on onboarding@mozilla.org version 1.0
1536358565871	addons.xpi	DEBUG	Registering manifest for C:\Program Files\Mozilla Firefox\browser\features\screenshots@mozilla.org.xpi
1536358565872	addons.xpi	DEBUG	Calling bootstrap method startup on screenshots@mozilla.org version 32.1.0
1536358565872	addons.xpi	DEBUG	Registering manifest for C:\Program Files\Mozilla Firefox\browser\features\webcompat-reporter@mozilla.org.xpi
1536358565874	addons.xpi	DEBUG	Calling bootstrap method startup on webcompat-reporter@mozilla.org version 1.0.0
1536358565875	addons.xpi	DEBUG	Registering manifest for C:\Program Files\Mozilla Firefox\browser\features\webcompat@mozilla.org.xpi
1536358565878	addons.xpi	DEBUG	Calling bootstrap method startup on webcompat@mozilla.org version 2.0
1536358565882	addons.manager	DEBUG	Registering shutdown blocker for XPIProvider
1536358565882	addons.manager	DEBUG	Provider finished startup: XPIProvider
1536358565882	addons.manager	DEBUG	Starting provider: LightweightThemeManager
1536358565882	addons.manager	DEBUG	Registering shutdown blocker for LightweightThemeManager
1536358565883	addons.manager	DEBUG	Provider finished startup: LightweightThemeManager
1536358565883	addons.manager	DEBUG	Starting provider: GMPProvider
1536358565888	addons.manager	DEBUG	Registering shutdown blocker for GMPProvider
1536358565889	addons.manager	DEBUG	Provider finished startup: GMPProvider
1536358565890	addons.manager	DEBUG	Starting provider: PluginProvider
1536358565890	addons.manager	DEBUG	Registering shutdown blocker for PluginProvider
1536358565890	addons.manager	DEBUG	Provider finished startup: PluginProvider
1536358565894	addons.manager	DEBUG	Completed startup sequence
Unable to read VR Path Registry from C:\Users\Roman\AppData\Local\openvr\openvrpaths.vrpath
Unable to read VR Path Registry from C:\Users\Roman\AppData\Local\openvr\openvrpaths.vrpath
Unable to read VR Path Registry from C:\Users\Roman\AppData\Local\openvr\openvrpaths.vrpath
Unable to read VR Path Registry from C:\Users\Roman\AppData\Local\openvr\openvrpaths.vrpath
Unable to read VR Path Registry from C:\Users\Roman\AppData\Local\openvr\openvrpaths.vrpath
1536358573650	addons.xpi	DEBUG	Existing add-on activity-stream@mozilla.org in app-system-defaults
1536358573651	addons.xpi	DEBUG	Existing add-on aushelper@mozilla.org in app-system-defaults
1536358573652	addons.xpi	DEBUG	Existing add-on firefox@getpocket.com in app-system-defaults
1536358573652	addons.xpi	DEBUG	Existing add-on formautofill@mozilla.org in app-system-defaults
1536358573653	addons.xpi	DEBUG	Existing add-on onboarding@mozilla.org in app-system-defaults
1536358573654	addons.xpi	DEBUG	Existing add-on screenshots@mozilla.org in app-system-defaults
1536358573655	addons.xpi	DEBUG	Existing add-on webcompat-reporter@mozilla.org in app-system-defaults
1536358573655	addons.xpi	DEBUG	Existing add-on webcompat@mozilla.org in app-system-defaults
1536358573656	addons.xpi	DEBUG	getInstallState changed: false, state: {}
1536358574252	Marionette	INFO	Listening on port 3568
1536358574605	Marionette	WARN	TLS certificate errors will be ignored for this session
[Child 8212, MediaPlayback #1] WARNING: Decoder=15984c08980 Decode error: NS_ERROR_DOM_MEDIA_FATAL_ERR (0x806e0005) - class RefPtr<class mozilla::MozPromise<class RefPtr<class mozilla::MediaTrackDemuxer::SamplesHolder>,class mozilla::MediaResult,1> > __cdecl mozilla::MediaSourceTrackDemuxer::DoGetSamples(int): manager is detached.: file z:/build/build/src/dom/media/MediaDecoderStateMachine.cpp, line 3411
console.error: "Got a removal of an actor we didn't know about: server1.conn0.child1/domnode171"
console.error: "Got a removal of an actor we didn't know about: server1.conn0.child1/domnode170"
JavaScript error: resource://devtools/shared/base-loader.js -> resource://devtools/server/actors/highlighters/box-model.js, line 416: TypeError: quads is undefined
1536358957079	addons.manager	DEBUG	Background update check beginning
1536358957083	addons.manager	DEBUG	Background update check complete
1536359165030	addons.productaddons	INFO	sending request to: https://aus5.mozilla.org/update/3/GMP/61.0.2/20180807170231/WINNT_x86_64-msvc-x64/en-US/release/Windows_NT%2010.0.0.0.17134.254%20(x64)/default/default/update.xml
1536359166641	addons.productaddons	INFO	Completed downloading document
1536359168008	addons.productaddons	INFO	downloadXHR File download. status=200
1536359168057	addons.productaddons	INFO	Downloaded file will be saved to C:\Users\Roman\AppData\Local\Temp\tmpaddon-34d7dd
1536359170838	addons.productaddons	INFO	downloadXHR File download. status=200
1536359170843	addons.productaddons	INFO	Downloaded file will be saved to C:\Users\Roman\AppData\Local\Temp\tmpaddon-82497a
1536359288176	addons.xpi	DEBUG	Calling bootstrap method shutdown on webcompat@mozilla.org version 2.0
1536359288179	addons.xpi	DEBUG	Calling bootstrap method shutdown on webcompat-reporter@mozilla.org version 1.0.0
1536359288182	addons.xpi	DEBUG	Calling bootstrap method shutdown on screenshots@mozilla.org version 32.1.0
1536359288279	addons.xpi	DEBUG	Calling bootstrap method shutdown on onboarding@mozilla.org version 1.0
1536359288281	addons.xpi	DEBUG	Calling bootstrap method shutdown on formautofill@mozilla.org version 1.0
1536359288285	addons.xpi	DEBUG	Calling bootstrap method shutdown on firefox@getpocket.com version 1.0.5
1536359288287	addons.xpi	DEBUG	Calling bootstrap method shutdown on aushelper@mozilla.org version 2.0
1536359288290	addons.xpi	DEBUG	Calling bootstrap method shutdown on activity-stream@mozilla.org version 2018.06.29.1026-fa231556
[Parent 3440, Gecko_IOThread] WARNING: pipe error: 109: file z:/build/build/src/ipc/chromium/src/chrome/common/ipc_channel_win.cc, line 346
[Child 8212, Chrome_ChildThread] WARNING: pipe error: 109: file z:/build/build/src/ipc/chromium/src/chrome/common/ipc_channel_win.cc, line 346
[Parent 3440, Gecko_IOThread] WARNING: pipe error: 109: file z:/build/build/src/ipc/chromium/src/chrome/common/ipc_channel_win.cc, line 346
[Child 4900, Chrome_ChildThread] WARNING: pipe error: 109: file z:/build/build/src/ipc/chromium/src/chrome/common/ipc_channel_win.cc, line 346
[Child 4900,1536359289669	addons.manager	DEBUG	shutdown
1536359289674	addons.manager	DEBUG	Calling shutdown blocker for XPIProvider
1536359289674	addons.xpi	DEBUG	shutdown
1536359289676	addons.xpi-utils	DEBUG	shutdown
1536359289677	addons.manager	DEBUG	Calling shutdown blocker for LightweightThemeManager
1536359289680	addons.manager	DEBUG	Calling shutdown blocker for GMPProvider
1536359289681	addons.manager	DEBUG	Calling shutdown blocker for PluginProvider
1536359289735	addons.manager	DEBUG	Async provider shutdown done
